<?xml version="1.0" encoding="UTF-8"?>
<!-- Generated by org.testng.reporters.JUnitReportReporter -->
<testsuite hostname="LAPTOP-F5R54LF3" failures="0" tests="4" name="api.test.UserTests2" time="10.001" errors="0" timestamp="2024-02-10T14:16:53 IST" skipped="0">
  <testcase classname="api.test.UserTests2" name="testPostUser" time="3.497"/>
  <system-out/>
  <testcase classname="api.test.UserTests2" name="testGetUserByName" time="1.607"/>
  <system-out/>
  <testcase classname="api.test.UserTests2" name="testUpdateUserByName" time="3.265"/>
  <system-out/>
  <testcase classname="api.test.UserTests2" name="testDeleteUserByName" time="1.632"/>
  <system-out/>
</testsuite> <!-- api.test.UserTests2 -->
