<?xml version="1.0" encoding="UTF-8"?>
<!-- Generated by org.testng.reporters.JUnitReportReporter -->
<testsuite hostname="LAPTOP-F5R54LF3" failures="0" tests="4" name="api.test.UserTests" time="8.678" errors="0" timestamp="2024-02-09T20:52:53 IST" skipped="0">
  <testcase classname="api.test.UserTests" name="testPostUser" time="3.025"/>
  <system-out/>
  <testcase classname="api.test.UserTests" name="testGetUserByName" time="1.565"/>
  <system-out/>
  <testcase classname="api.test.UserTests" name="testUpdateUserByName" time="2.959"/>
  <system-out/>
  <testcase classname="api.test.UserTests" name="testDeleteUserByName" time="1.129"/>
  <system-out/>
</testsuite> <!-- api.test.UserTests -->
