<?xml version="1.0" encoding="UTF-8"?>
<!-- Generated by org.testng.reporters.JUnitReportReporter -->
<testsuite hostname="LAPTOP-F5R54LF3" failures="0" tests="6" name="api.test.DDTests" time="12.902" errors="0" timestamp="2024-02-09T19:32:12 IST" skipped="0">
  <testcase classname="api.test.DDTests" name="testPostuser" time="3.268"/>
  <system-out/>
  <testcase classname="api.test.DDTests" name="testPostuser" time="1.203"/>
  <system-out/>
  <testcase classname="api.test.DDTests" name="testPostuser" time="1.152"/>
  <system-out/>
  <testcase classname="api.test.DDTests" name="testDeleteUserByName" time="1.526"/>
  <system-out/>
  <testcase classname="api.test.DDTests" name="testDeleteUserByName" time="1.703"/>
  <system-out/>
  <testcase classname="api.test.DDTests" name="testDeleteUserByName" time="4.050"/>
  <system-out/>
</testsuite> <!-- api.test.DDTests -->
