<?xml version="1.0" encoding="UTF-8"?>
<!-- Generated by org.testng.reporters.JUnitReportReporter -->
<testsuite hostname="LAPTOP-F5R54LF3" failures="0" tests="4" name="api.test.UserTests2" time="9.792" errors="0" timestamp="2024-02-10T15:14:26 IST" skipped="0">
  <testcase classname="api.test.UserTests2" name="testPostUser" time="3.296"/>
  <system-out/>
  <testcase classname="api.test.UserTests2" name="testGetUserByName" time="1.691"/>
  <system-out/>
  <testcase classname="api.test.UserTests2" name="testUpdateUserByName" time="3.167"/>
  <system-out/>
  <testcase classname="api.test.UserTests2" name="testDeleteUserByName" time="1.638"/>
  <system-out/>
</testsuite> <!-- api.test.UserTests2 -->
